<?xml version="1.0"?>
<!DOCTYPE coverage SYSTEM "http://cobertura.sourceforge.net/xml/coverage-04.dtd">
<coverage 
line-rate="0.58" lines-valid="74" lines-covered="43" branches-valid="8" branches-covered="4" branch-rate="0.50" complexity="0" version="1.0" timestamp="1662529364177">
    <sources>
        <source>--source</source>
        <source>/home/sanctum/IdeaProjects/data-computation12/src/main/scala</source>
    </sources>
    <packages>
        <package name="&lt;empty&gt;" line-rate="0.58" branch-rate="0.50" complexity="0">
            <classes>
                <class name="telemetryMetrics" filename="TelemetryMetrics.scala" line-rate="0.52" branch-rate="0.00" complexity="0">
                    <methods>
                        <method 
                        name="&lt;empty&gt;/telemetryMetrics/toFile" signature="()V" line-rate="0.00" branch-rate="0.00" complexity="0">
                            <lines>
                                <line number="99" hits="0" branch="false"/>
                                <line number="102" hits="0" branch="false"/>
                                <line number="100" hits="0" branch="false"/>
                                <line number="102" hits="0" branch="true"/>
                                <line number="102" hits="0" branch="true"/>
                                <line number="98" hits="0" branch="false"/>
                                <line number="102" hits="0" branch="false"/>
                            </lines>
</method>
                        <method 
                        name="&lt;empty&gt;/telemetryMetrics/getUniqueChannel" signature="()V" line-rate="1.00" branch-rate="1.00" complexity="0">
                            <lines>
                                <line number="88" hits="1" branch="false"/>
                                <line number="88" hits="1" branch="false"/>
                                <line number="88" hits="1" branch="false"/>
                                <line number="88" hits="1" branch="false"/>
                                <line number="88" hits="1" branch="false"/>
                            </lines>
</method>
                        <method 
                        name="&lt;empty&gt;/telemetryMetrics/countCompleted" signature="()V" line-rate="1.00" branch-rate="1.00" complexity="0">
                            <lines>
                                <line number="67" hits="1" branch="false"/>
                                <line number="67" hits="1" branch="false"/>
                            </lines>
</method>
                        <method name="&lt;empty&gt;/telemetryMetrics/main" signature="()V" line-rate="0.00" branch-rate="0.00" complexity="0">
                            <lines>
                                <line number="29" hits="0" branch="false"/>
                                <line number="28" hits="0" branch="false"/>
                                <line number="30" hits="0" branch="false"/>
                                <line number="26" hits="0" branch="false"/>
                                <line number="31" hits="0" branch="false"/>
                                <line number="31" hits="0" branch="false"/>
                                <line number="31" hits="0" branch="false"/>
                                <line number="27" hits="0" branch="false"/>
                                <line number="30" hits="0" branch="false"/>
                                <line number="32" hits="0" branch="false"/>
                                <line number="32" hits="0" branch="false"/>
                                <line number="30" hits="0" branch="false"/>
                                <line number="30" hits="0" branch="false"/>
                                <line number="31" hits="0" branch="false"/>
                                <line number="26" hits="0" branch="false"/>
                            </lines>
                        </method>
                        <method 
                        name="&lt;empty&gt;/telemetryMetrics/lineToTelemetry" signature="()V" line-rate="1.00" branch-rate="1.00" complexity="0">
                            <lines>
                                <line number="54" hits="1" branch="false"/>
                                <line number="55" hits="1" branch="false"/>
                            </lines>
</method>
                        <method 
                        name="&lt;empty&gt;/telemetryMetrics/readFile" signature="()V" line-rate="1.00" branch-rate="1.00" complexity="0">
                            <lines>
                                <line number="42" hits="1" branch="false"/>
                                <line number="44" hits="1" branch="false"/>
                                <line number="41" hits="1" branch="false"/>
                                <line number="41" hits="1" branch="false"/>
                                <line number="44" hits="1" branch="false"/>
                                <line number="45" hits="1" branch="false"/>
                                <line number="45" hits="1" branch="false"/>
                                <line number="41" hits="1" branch="false"/>
                                <line number="42" hits="1" branch="false"/>
                            </lines>
</method>
                        <method 
                        name="&lt;empty&gt;/telemetryMetrics/&lt;none&gt;" signature="()V" line-rate="0.00" branch-rate="0.00" complexity="0">
                            <lines>
                                <line number="21" hits="0" branch="false"/>
                                <line number="23" hits="0" branch="false"/>
                                <line number="20" hits="0" branch="false"/>
                                <line number="22" hits="0" branch="false"/>
                            </lines>
</method>
                        <method 
                        name="&lt;empty&gt;/telemetryMetrics/getContentProgress" signature="()V" line-rate="1.00" branch-rate="1.00" complexity="0">
                            <lines>
                                <line number="78" hits="1" branch="false"/>
                                <line number="77" hits="1" branch="false"/>
                                <line number="78" hits="1" branch="false"/>
                                <line number="78" hits="1" branch="false"/>
                                <line number="76" hits="1" branch="false"/>
                                <line number="78" hits="1" branch="false"/>
                                <line number="78" hits="1" branch="false"/>
                                <line number="78" hits="1" branch="false"/>
                                <line number="77" hits="1" branch="false"/>
                                <line number="76" hits="1" branch="false"/>
                            </lines>
</method>
                    </methods>
                    <lines>
                        <line number="42" hits="1" branch="false"/>
                        <line number="99" hits="0" branch="false"/>
                        <line number="67" hits="1" branch="false"/>
                        <line number="78" hits="1" branch="false"/>
                        <line number="102" hits="0" branch="false"/>
                        <line number="29" hits="0" branch="false"/>
                        <line number="28" hits="0" branch="false"/>
                        <line number="77" hits="1" branch="false"/>
                        <line number="88" hits="1" branch="false"/>
                        <line number="44" hits="1" branch="false"/>
                        <line number="30" hits="0" branch="false"/>
                        <line number="54" hits="1" branch="false"/>
                        <line number="78" hits="1" branch="false"/>
                        <line number="88" hits="1" branch="false"/>
                        <line number="41" hits="1" branch="false"/>
                        <line number="21" hits="0" branch="false"/>
                        <line number="26" hits="0" branch="false"/>
                        <line number="31" hits="0" branch="false"/>
                        <line number="88" hits="1" branch="false"/>
                        <line number="78" hits="1" branch="false"/>
                        <line number="100" hits="0" branch="false"/>
                        <line number="23" hits="0" branch="false"/>
                        <line number="31" hits="0" branch="false"/>
                        <line number="41" hits="1" branch="false"/>
                        <line number="67" hits="1" branch="false"/>
                        <line number="31" hits="0" branch="false"/>
                        <line number="27" hits="0" branch="false"/>
                        <line number="102" hits="0" branch="true"/>
                        <line number="88" hits="1" branch="false"/>
                        <line number="44" hits="1" branch="false"/>
                        <line number="76" hits="1" branch="false"/>
                        <line number="30" hits="0" branch="false"/>
                        <line number="78" hits="1" branch="false"/>
                        <line number="20" hits="0" branch="false"/>
                        <line number="32" hits="0" branch="false"/>
                        <line number="45" hits="1" branch="false"/>
                        <line number="102" hits="0" branch="true"/>
                        <line number="88" hits="1" branch="false"/>
                        <line number="45" hits="1" branch="false"/>
                        <line number="78" hits="1" branch="false"/>
                        <line number="32" hits="0" branch="false"/>
                        <line number="30" hits="0" branch="false"/>
                        <line number="41" hits="1" branch="false"/>
                        <line number="98" hits="0" branch="false"/>
                        <line number="22" hits="0" branch="false"/>
                        <line number="30" hits="0" branch="false"/>
                        <line number="55" hits="1" branch="false"/>
                        <line number="78" hits="1" branch="false"/>
                        <line number="31" hits="0" branch="false"/>
                        <line number="77" hits="1" branch="false"/>
                        <line number="102" hits="0" branch="false"/>
                        <line number="42" hits="1" branch="false"/>
                        <line number="26" hits="0" branch="false"/>
                        <line number="76" hits="1" branch="false"/>
                    </lines>
                </class>
                <class 
                name="TelemetryStructure" filename="TelemetryStructure.scala" line-rate="0.75" branch-rate="0.67" complexity="0">
                    <methods>
                        <method 
                        name="&lt;empty&gt;/TelemetryStructure/getProgress" signature="()V" line-rate="1.00" branch-rate="1.00" complexity="0">
                            <lines>
                                <line number="17" hits="1" branch="false"/>
                                <line number="19" hits="1" branch="false"/>
                                <line number="20" hits="1" branch="false"/>
                                <line number="19" hits="1" branch="true"/>
                                <line number="19" hits="1" branch="false"/>
                                <line number="18" hits="1" branch="true"/>
                                <line number="17" hits="1" branch="false"/>
                                <line number="20" hits="1" branch="false"/>
                                <line number="20" hits="1" branch="false"/>
                                <line number="17" hits="1" branch="true"/>
                                <line number="20" hits="1" branch="true"/>
                                <line number="16" hits="1" branch="false"/>
                                <line number="18" hits="1" branch="false"/>
                            </lines>
</method>
                        <method 
                        name="&lt;empty&gt;/TelemetryStructure/getContentId" signature="()V" line-rate="0.00" branch-rate="0.00" complexity="0">
                            <lines>
                                <line number="28" hits="0" branch="false"/>
                                <line number="29" hits="0" branch="true"/>
                                <line number="29" hits="0" branch="false"/>
                                <line number="27" hits="0" branch="false"/>
                                <line number="28" hits="0" branch="true"/>
                            </lines>
</method>
                        <method 
                        name="&lt;empty&gt;/TelemetryStructure/getChannelId" signature="()V" line-rate="1.00" branch-rate="1.00" complexity="0">
                            <lines>
                                <line number="14" hits="1" branch="false"/>
                            </lines>
</method>
                        <method 
                        name="&lt;empty&gt;/TelemetryStructure/getUserId" signature="()V" line-rate="1.00" branch-rate="1.00" complexity="0">
                            <lines>
                                <line number="13" hits="1" branch="false"/>
                            </lines>
</method>
                    </methods>
                    <lines>
                        <line number="17" hits="1" branch="false"/>
                        <line number="19" hits="1" branch="false"/>
                        <line number="20" hits="1" branch="false"/>
                        <line number="28" hits="0" branch="false"/>
                        <line number="29" hits="0" branch="true"/>
                        <line number="14" hits="1" branch="false"/>
                        <line number="19" hits="1" branch="true"/>
                        <line number="29" hits="0" branch="false"/>
                        <line number="19" hits="1" branch="false"/>
                        <line number="13" hits="1" branch="false"/>
                        <line number="18" hits="1" branch="true"/>
                        <line number="17" hits="1" branch="false"/>
                        <line number="27" hits="0" branch="false"/>
                        <line number="20" hits="1" branch="false"/>
                        <line number="20" hits="1" branch="false"/>
                        <line number="17" hits="1" branch="true"/>
                        <line number="20" hits="1" branch="true"/>
                        <line number="28" hits="0" branch="true"/>
                        <line number="16" hits="1" branch="false"/>
                        <line number="18" hits="1" branch="false"/>
                    </lines>
</class>
            </classes>
        </package>
    </packages>
</coverage>
